<?xml version="1.0" encoding="UTF-8"?>
<!-- Generated by org.testng.reporters.JUnitXMLReporter -->
<testsuite ignored="0" hostname="Trishas-MacBook-Air.local" failures="0" tests="4" name="Register Test" time="88.839" errors="0" timestamp="2025-07-14T14:55:46 IST">
  <testcase classname="com.nixonex.tests.RegisterTest" name="testUserRegistration" time="6.348"/>
  <testcase classname="com.nixonex.tests.LoginTest" name="testUserLogin" time="4.787"/>
  <testcase classname="com.nixonex.tests.ProductTest" name="testAddProductToCart" time="18.067"/>
  <testcase classname="com.nixonex.tests.CheckoutTest" name="testFullCheckoutFlow" time="21.434"/>
</testsuite> <!-- Register Test -->
